{"level":"error","message":"401 - Invalid credentials - /api/auth/login - POST","timestamp":"2026-03-27T12:37:34.942Z"}
{"level":"error","message":"401 - Invalid credentials - /api/auth/login - POST","timestamp":"2026-03-28T05:35:48.955Z"}
{"level":"error","message":"500 - ENOENT: no such file or directory, open 'C:\\Users\\acer\\Music\\AD_SUITE\\AD-Suite-Web\\backend\\data\\settings.json' - /api/settings - PUT","stack":"Error: ENOENT: no such file or directory, open 'C:\\Users\\acer\\Music\\AD_SUITE\\AD-Suite-Web\\backend\\data\\settings.json'\n    at async open (node:internal/fs/promises:638:25)\n    at async Object.writeFile (node:internal/fs/promises:1212:14)\n    at async SettingsService.saveSettings (C:\\Users\\acer\\Music\\AD_SUITE\\AD-Suite-Web\\backend\\src\\services\\settingsService.ts:72:9)\n    at async C:\\Users\\acer\\Music\\AD_SUITE\\AD-Suite-Web\\backend\\src\\routes\\settings.ts:27:25","timestamp":"2026-03-28T06:13:47.630Z"}
{"level":"error","message":"401 - Invalid or expired token - /api/reports - GET","timestamp":"2026-03-28T06:29:28.971Z"}
{"level":"error","message":"401 - Invalid or expired token - /api/reports/scans/cert-ldap-test.json/findings - GET","timestamp":"2026-03-28T06:46:36.306Z"}
{"level":"error","message":"500 - Unexpected token '﻿', \"﻿{\r\n    \"b\"... is not valid JSON - /api/analysis/scans/cert-ldap-test.json - GET","stack":"SyntaxError: Unexpected token '﻿', \"﻿{\r\n    \"b\"... is not valid JSON\n    at JSON.parse (<anonymous>)\n    at C:\\Users\\acer\\Music\\AD_SUITE\\AD-Suite-Web\\backend\\src\\routes\\analysis.ts:100:27","timestamp":"2026-03-28T07:42:20.297Z"}
{"level":"error","message":"401 - Invalid or expired token - /api/analysis/scans - GET","timestamp":"2026-03-28T07:43:17.245Z"}
{"level":"error","message":"500 - Unexpected token '﻿', \"﻿{\r\n    \"b\"... is not valid JSON - /api/analysis/scans/cert-ldap-test.json - GET","stack":"SyntaxError: Unexpected token '﻿', \"﻿{\r\n    \"b\"... is not valid JSON\n    at JSON.parse (<anonymous>)\n    at C:\\Users\\acer\\Music\\AD_SUITE\\AD-Suite-Web\\backend\\src\\routes\\analysis.ts:100:27","timestamp":"2026-03-28T07:43:51.714Z"}
{"level":"error","message":"500 - Unexpected token '﻿', \"﻿{\r\n    \"b\"... is not valid JSON - /api/analysis/scans/cert-ldap-test.json - GET","stack":"SyntaxError: Unexpected token '﻿', \"﻿{\r\n    \"b\"... is not valid JSON\n    at JSON.parse (<anonymous>)\n    at C:\\Users\\acer\\Music\\AD_SUITE\\AD-Suite-Web\\backend\\src\\routes\\analysis.ts:100:27","timestamp":"2026-03-28T07:47:12.841Z"}
{"level":"error","message":"401 - Invalid or expired token - /api/scans - GET","timestamp":"2026-03-28T18:38:13.805Z"}
{"level":"error","message":"401 - Invalid or expired token - /api/dashboard/stats - GET","timestamp":"2026-03-29T04:46:43.145Z"}
{"level":"error","message":"401 - Invalid or expired token - /api/dashboard/stats - GET","timestamp":"2026-03-29T04:51:47.796Z"}
{"level":"error","message":"401 - Invalid or expired token - /api/dashboard/recent - GET","timestamp":"2026-03-29T04:51:47.821Z"}
{"level":"error","message":"401 - Invalid or expired token - /api/checks - GET","timestamp":"2026-03-29T04:54:37.128Z"}
{"level":"error","message":"401 - Invalid or expired token - /api/dashboard/stats - GET","timestamp":"2026-03-29T05:30:42.199Z"}
{"level":"error","message":"401 - Invalid or expired token - /api/dashboard/recent - GET","timestamp":"2026-03-29T05:30:42.209Z"}
{"level":"error","message":"401 - Invalid or expired token - /api/dashboard/stats - GET","timestamp":"2026-03-29T05:30:53.708Z"}
{"level":"error","message":"401 - Invalid or expired token - /api/dashboard/recent - GET","timestamp":"2026-03-29T05:30:53.716Z"}
{"level":"error","message":"401 - Invalid or expired token - /api/dashboard/stats - GET","timestamp":"2026-03-29T05:30:57.749Z"}
{"level":"error","message":"401 - Invalid or expired token - /api/dashboard/recent - GET","timestamp":"2026-03-29T05:30:57.754Z"}
{"level":"error","message":"401 - Invalid or expired token - /api/dashboard/stats - GET","timestamp":"2026-03-29T05:31:01.527Z"}
{"level":"error","message":"401 - Invalid or expired token - /api/dashboard/recent - GET","timestamp":"2026-03-29T05:31:01.529Z"}
{"level":"error","message":"401 - Invalid or expired token - /api/dashboard/stats - GET","timestamp":"2026-03-29T05:31:04.967Z"}
{"level":"error","message":"401 - Invalid or expired token - /api/dashboard/recent - GET","timestamp":"2026-03-29T05:31:04.971Z"}
{"level":"error","message":"Scan 1774766008031 runtime error: The argument 'C:\\Users\\acer\\Music\\Invoke-ADSuiteScan.ps1' to the -File parameter does not exist. Provide the path to an existing '.ps1' file as an argument to the -File parameter.\r\n","timestamp":"2026-03-29T06:33:28.837Z"}
{"level":"error","message":"Scan 1774766283660 runtime error: The argument 'C:\\Users\\acer\\Music\\Invoke-ADSuiteScan.ps1' to the -File parameter does not exist. Provide the path to an existing '.ps1' file as an argument to the -File parameter.\r\n","timestamp":"2026-03-29T06:38:03.847Z"}
{"level":"error","message":"Scan 1774766309576 runtime error: The argument 'C:\\Users\\acer\\Music\\Invoke-ADSuiteScan.ps1' to the -File parameter does not exist. Provide the path to an existing '.ps1' file as an argument to the -File parameter.\r\n","timestamp":"2026-03-29T06:38:29.751Z"}
{"level":"error","message":"Scan 1774766502164 runtime error: The argument 'C:\\Users\\acer\\Music\\Invoke-ADSuiteScan.ps1' to the -File parameter does not exist. Provide the path to an existing '.ps1' file as an argument to the -File parameter.\r\n","timestamp":"2026-03-29T06:41:42.346Z"}
{"level":"error","message":"PS Error: C:\\Users\\acer\\Music\\AD_SUITE\\Invoke-ADSuiteScan.ps1 : Cannot bind parameter because parameter 'IncludeCheckId' is \r\n","timestamp":"2026-03-29T09:44:22.243Z"}
{"level":"error","message":"PS Error: specified more than once. To provide multiple values to parameters that can accept multiple values, use the array \r\nsyntax. For example, \"-parameter value1,value2,value3\".\r\n    + CategoryInfo          : InvalidArgument: (:) [Invoke-ADSuiteScan.ps1], ParentContainsErrorRecordException\r\n    + FullyQualifiedErrorId : ParameterAlreadyBound,Invoke-ADSuiteScan.ps1\r\n \r\n","timestamp":"2026-03-29T09:44:22.243Z"}
{"level":"error","message":"Scan failed. Stderr: C:\\Users\\acer\\Music\\AD_SUITE\\Invoke-ADSuiteScan.ps1 : Cannot bind parameter because parameter 'IncludeCheckId' is \r\nspecified more than once. To provide multiple values to parameters that can accept multiple values, use the array \r\nsyntax. For example, \"-parameter value1,value2,value3\".\r\n    + CategoryInfo          : InvalidArgument: (:) [Invoke-ADSuiteScan.ps1], ParentContainsErrorRecordException\r\n    + FullyQualifiedErrorId : ParameterAlreadyBound,Invoke-ADSuiteScan.ps1\r\n \r\n","timestamp":"2026-03-29T09:44:22.268Z"}
{"level":"error","message":"500 - request entity too large - /api/attack-path/analyze - POST","stack":"PayloadTooLargeError: request entity too large\n    at readStream (C:\\Users\\acer\\Music\\AD_SUITE\\AD-Suite-Web\\backend\\node_modules\\raw-body\\index.js:163:17)\n    at getRawBody (C:\\Users\\acer\\Music\\AD_SUITE\\AD-Suite-Web\\backend\\node_modules\\raw-body\\index.js:116:12)\n    at read (C:\\Users\\acer\\Music\\AD_SUITE\\AD-Suite-Web\\backend\\node_modules\\body-parser\\lib\\read.js:79:3)\n    at jsonParser (C:\\Users\\acer\\Music\\AD_SUITE\\AD-Suite-Web\\backend\\node_modules\\body-parser\\lib\\types\\json.js:138:5)\n    at Layer.handle [as handle_request] (C:\\Users\\acer\\Music\\AD_SUITE\\AD-Suite-Web\\backend\\node_modules\\express\\lib\\router\\layer.js:95:5)\n    at trim_prefix (C:\\Users\\acer\\Music\\AD_SUITE\\AD-Suite-Web\\backend\\node_modules\\express\\lib\\router\\index.js:328:13)\n    at C:\\Users\\acer\\Music\\AD_SUITE\\AD-Suite-Web\\backend\\node_modules\\express\\lib\\router\\index.js:286:9\n    at Function.process_params (C:\\Users\\acer\\Music\\AD_SUITE\\AD-Suite-Web\\backend\\node_modules\\express\\lib\\router\\index.js:346:12)\n    at next (C:\\Users\\acer\\Music\\AD_SUITE\\AD-Suite-Web\\backend\\node_modules\\express\\lib\\router\\index.js:280:10)\n    at cors (C:\\Users\\acer\\Music\\AD_SUITE\\AD-Suite-Web\\backend\\node_modules\\cors\\lib\\index.js:188:7)","timestamp":"2026-04-02T04:55:17.640Z"}
{"level":"error","message":"401 - Invalid or expired token - /api/dashboard/stats - GET","timestamp":"2026-04-05T12:21:48.557Z"}
{"level":"error","message":"401 - Invalid or expired token - /api/dashboard/recent - GET","timestamp":"2026-04-05T12:21:48.564Z"}
{"level":"error","message":"401 - Invalid or expired token - /api/dashboard/stats - GET","timestamp":"2026-04-05T12:22:20.016Z"}
{"level":"error","message":"401 - Invalid or expired token - /api/dashboard/recent - GET","timestamp":"2026-04-05T12:22:20.022Z"}
{"level":"error","message":"401 - Invalid or expired token - /api/dashboard/stats - GET","timestamp":"2026-04-19T04:16:17.885Z"}
{"level":"error","message":"401 - Invalid or expired token - /api/dashboard/recent - GET","timestamp":"2026-04-19T04:16:17.905Z"}
{"level":"error","message":"401 - Invalid or expired token - /api/dashboard/recent - GET","timestamp":"2026-04-20T03:47:11.866Z"}
